<?xml version="1.0" encoding="UTF-8"?>
<!-- Generated by org.testng.reporters.JUnitReportReporter -->
<testsuite skipped="0" hostname="Tanzims-MacBook-Pro.local" name="org.bitm.SeleniumOnlineProject.Test.FlightFinderTest" tests="2" failures="0" timestamp="2020-07-12T21:41:04 BDT" time="0.047" errors="0">
  <testcase name="flightFinderTest" time="0.046" classname="org.bitm.SeleniumOnlineProject.Test.FlightFinderTest"/>
  <system-out/>
  <testcase name="checkFlightFinderPageTitle" time="0.001" classname="org.bitm.SeleniumOnlineProject.Test.FlightFinderTest"/>
  <system-out/>
</testsuite> <!-- org.bitm.SeleniumOnlineProject.Test.FlightFinderTest -->
